::1 - - [29/Nov/2021:10:45:24 +0100] "GET / HTTP/1.1" 200 79156
::1 - - [29/Nov/2021:10:45:24 +0100] "GET /style.css HTTP/1.1" 200 3041
::1 - - [29/Nov/2021:10:45:24 +0100] "GET /images/header.png HTTP/1.1" 200 7766
::1 - - [29/Nov/2021:10:45:24 +0100] "GET /index.php?=PHPE9568F34-D428-11d2-A769-00AA001ACF42 HTTP/1.1" 200 2524
::1 - - [29/Nov/2021:10:45:24 +0100] "GET /index.php?=PHPE9568F35-D428-11d2-A769-00AA001ACF42 HTTP/1.1" 200 2146
::1 - - [29/Nov/2021:10:45:24 +0100] "GET /images/menuleft.jpg HTTP/1.1" 200 11236
::1 - - [29/Nov/2021:10:45:24 +0100] "GET /images/background.jpg HTTP/1.1" 200 12386
::1 - - [29/Nov/2021:10:45:24 +0100] "GET /images/menu.jpg HTTP/1.1" 200 11219
::1 - - [29/Nov/2021:10:45:24 +0100] "GET /images/menuright.jpg HTTP/1.1" 200 11239
::1 - - [29/Nov/2021:10:45:24 +0100] "GET /images/content.jpg HTTP/1.1" 200 11916
::1 - - [29/Nov/2021:10:45:24 +0100] "GET /images/topcontent.jpg HTTP/1.1" 200 11578
::1 - - [29/Nov/2021:10:45:25 +0100] "GET /images/banner.jpg HTTP/1.1" 200 38149
::1 - - [29/Nov/2021:10:45:25 +0100] "GET /favicon.ico HTTP/1.1" 404 209
::1 - - [29/Nov/2021:10:45:32 +0100] "GET /phpmyadmin HTTP/1.1" 301 236
::1 - - [29/Nov/2021:10:45:32 +0100] "GET /phpmyadmin/ HTTP/1.1" 200 8495
::1 - - [29/Nov/2021:10:45:33 +0100] "GET /phpmyadmin/themes/pmahomme/jquery/jquery-ui-1.9.2.custom.css HTTP/1.1" 200 32278
::1 - - [29/Nov/2021:10:45:33 +0100] "GET /phpmyadmin/js/get_scripts.js.php?scripts[]=jquery/jquery-1.8.3.js&scripts[]=ajax.js&scripts[]=keyhandler.js&scripts[]=jquery/jquery-ui-1.9.2.custom.js&scripts[]=jquery/jquery.sprintf.js&scripts[]=jquery/jquery.cookie.js&scripts[]=jquery/jquery.mousewheel.js&scripts[]=jquery/jquery.event.drag-2.2.js&scripts[]=jquery/jquery-ui-timepicker-addon.js&scripts[]=jquery/jquery.ba-hashchange-1.3.js&scripts[]=jquery/jquery.debounce-1.0.5.js&scripts[]=jquery/jquery.menuResizer-1.0.js&scripts[]=rte.js&scripts[]=functions.js&scripts[]=navigation.js&scripts[]=indexes.js&scripts[]=common.js&scripts[]=codemirror/lib/codemirror.js&scripts[]=codemirror/mode/mysql/mysql.js HTTP/1.1" 200 578562
::1 - - [29/Nov/2021:10:45:33 +0100] "GET /phpmyadmin/phpmyadmin.css.php?server=1&lang=pl&collation_connection=utf8_general_ci&token=9dc6a1570a58d4a99fd195b0a37f1add&nocache=4914537496ltr HTTP/1.1" 200 88608
::1 - - [29/Nov/2021:10:45:33 +0100] "GET /phpmyadmin/js/messages.php?lang=pl&db=&server=0&collation_connection=utf8_general_ci&token=03b2e3f8dfc6195ac4e454e517ff1339 HTTP/1.1" 200 18064
::1 - - [29/Nov/2021:10:45:33 +0100] "GET /phpmyadmin/themes/pmahomme/img/logo_right.png HTTP/1.1" 200 4548
::1 - - [29/Nov/2021:10:45:33 +0100] "GET /phpmyadmin/themes/dot.gif HTTP/1.1" 200 43
::1 - - [29/Nov/2021:10:45:33 +0100] "GET /phpmyadmin/js/get_image.js.php?theme=pmahomme HTTP/1.1" 200 6263
::1 - - [29/Nov/2021:10:45:33 +0100] "GET /phpmyadmin/themes/pmahomme/img/sprites.png HTTP/1.1" 200 61899
::1 - - [29/Nov/2021:10:45:33 +0100] "GET /phpmyadmin/favicon.ico HTTP/1.1" 200 18902
::1 - - [29/Nov/2021:10:45:45 +0100] "POST /phpmyadmin/index.php HTTP/1.1" 302 -
::1 - - [29/Nov/2021:10:45:45 +0100] "GET /phpmyadmin/index.php?token=9dc6a1570a58d4a99fd195b0a37f1add HTTP/1.1" 200 46562
::1 - - [29/Nov/2021:10:45:45 +0100] "GET /phpmyadmin/themes/pmahomme/jquery/jquery-ui-1.9.2.custom.css HTTP/1.1" 304 -
::1 - - [29/Nov/2021:10:45:45 +0100] "GET /phpmyadmin/phpmyadmin.css.php?server=1&token=9dc6a1570a58d4a99fd195b0a37f1add&nocache=6552716641ltr HTTP/1.1" 200 88608
::1 - - [29/Nov/2021:10:45:45 +0100] "GET /phpmyadmin/themes/pmahomme/img/logo_left.png HTTP/1.1" 200 2327
::1 - - [29/Nov/2021:10:45:45 +0100] "GET /phpmyadmin/themes/dot.gif HTTP/1.1" 304 -
::1 - - [29/Nov/2021:10:45:45 +0100] "GET /phpmyadmin/themes/pmahomme/img/ajax_clock_small.gif HTTP/1.1" 200 1810
::1 - - [29/Nov/2021:10:45:45 +0100] "GET /phpmyadmin/js/messages.php?lang=pl&db=&server=0&token=9dc6a1570a58d4a99fd195b0a37f1add HTTP/1.1" 200 18064
::1 - - [29/Nov/2021:10:45:46 +0100] "GET /phpmyadmin/themes/pmahomme/img/sprites.png HTTP/1.1" 304 -
::1 - - [29/Nov/2021:10:45:46 +0100] "GET /phpmyadmin/themes/pmahomme/img/left_nav_bg.png HTTP/1.1" 200 297
::1 - - [29/Nov/2021:10:45:46 +0100] "GET /phpmyadmin/favicon.ico HTTP/1.1" 304 -
::1 - - [29/Nov/2021:10:45:46 +0100] "GET /phpmyadmin/version_check.php?&_nocache=1638179146064732034 HTTP/1.1" 200 39
::1 - - [29/Nov/2021:10:45:51 +0100] "GET /phpmyadmin/navigation.php?ajax_request=1&token=9dc6a1570a58d4a99fd195b0a37f1add&aPath=cm9vdA%3D%3D.dGVzdA%3D%3D&vPath=cm9vdA%3D%3D.dGVzdA%3D%3D&pos=0&pos2_name=&pos2_value=&searchClause=&searchClause2=&_nocache=1638179151093518794 HTTP/1.1" 200 97
::1 - - [29/Nov/2021:10:45:53 +0100] "GET /phpmyadmin/server_databases.php?db=&token=9dc6a1570a58d4a99fd195b0a37f1add&ajax_request=true&ajax_page_request=true&menuHashes=fe0dcc9c&_nocache=1638179153937228984 HTTP/1.1" 200 39191
::1 - - [29/Nov/2021:10:45:54 +0100] "GET /phpmyadmin/themes/pmahomme/img/arrow_ltr.png HTTP/1.1" 200 139
::1 - - [29/Nov/2021:10:45:54 +0100] "GET /phpmyadmin/js/get_scripts.js.php?scripts[]=server_databases.js HTTP/1.1" 200 1818
::1 - - [29/Nov/2021:10:46:38 +0100] "POST /phpmyadmin/db_create.php HTTP/1.1" 200 3197
::1 - - [29/Nov/2021:10:46:38 +0100] "POST /phpmyadmin/navigation.php?ajax_request=1&token=9dc6a1570a58d4a99fd195b0a37f1add HTTP/1.1" 200 1287
::1 - - [29/Nov/2021:10:46:41 +0100] "GET /phpmyadmin/db_structure.php?server=1&db=agregat&token=9dc6a1570a58d4a99fd195b0a37f1add&ajax_request=true&ajax_page_request=true&menuHashes=fe0dcc9c-d3b423e1&_nocache=1638179201330560829 HTTP/1.1" 200 5616
::1 - - [29/Nov/2021:10:46:41 +0100] "GET /phpmyadmin/js/get_scripts.js.php?scripts[]=db_structure.js&scripts[]=tbl_change.js HTTP/1.1" 200 12382
::1 - - [29/Nov/2021:10:46:41 +0100] "GET /phpmyadmin/favicon.ico HTTP/1.1" 304 -
::1 - - [29/Nov/2021:10:46:42 +0100] "GET /phpmyadmin/navigation.php?ajax_request=1&token=9dc6a1570a58d4a99fd195b0a37f1add&aPath=cm9vdA%3D%3D.YWdyZWdhdA%3D%3D&vPath=cm9vdA%3D%3D.YWdyZWdhdA%3D%3D&pos=0&pos2_name=&pos2_value=&searchClause=&searchClause2=&_nocache=1638179202080686564 HTTP/1.1" 200 97
::1 - - [29/Nov/2021:10:46:44 +0100] "GET /phpmyadmin/db_sql.php?db=agregat&token=9dc6a1570a58d4a99fd195b0a37f1add&db_query_force=1&ajax_request=true&ajax_page_request=true&menuHashes=fe0dcc9c-d3b423e1-af5e67e7&_nocache=1638179204293700507 HTTP/1.1" 200 7152
::1 - - [29/Nov/2021:10:46:44 +0100] "GET /phpmyadmin/js/get_scripts.js.php?scripts[]=makegrid.js&scripts[]=sql.js HTTP/1.1" 200 35099
::1 - - [29/Nov/2021:10:46:45 +0100] "GET /phpmyadmin/db_structure.php?db=agregat&token=9dc6a1570a58d4a99fd195b0a37f1add&ajax_request=true&ajax_page_request=true&menuHashes=fe0dcc9c-d3b423e1-af5e67e7-855c3923&_nocache=1638179205658157888 HTTP/1.1" 200 2472
::1 - - [29/Nov/2021:10:47:07 +0100] "POST /phpmyadmin/tbl_create.php HTTP/1.1" 200 160734
::1 - - [29/Nov/2021:10:47:08 +0100] "GET /phpmyadmin/favicon.ico HTTP/1.1" 304 -
::1 - - [29/Nov/2021:10:47:08 +0100] "GET /phpmyadmin/index.php?ajax_request=1&recent_table=1&token=9dc6a1570a58d4a99fd195b0a37f1add HTTP/1.1" 200 216
::1 - - [29/Nov/2021:10:48:09 +0100] "POST /phpmyadmin/tbl_create.php HTTP/1.1" 200 196595
::1 - - [29/Nov/2021:10:48:35 +0100] "POST /phpmyadmin/tbl_create.php HTTP/1.1" 200 236801
::1 - - [29/Nov/2021:10:51:15 +0100] "POST /phpmyadmin/tbl_create.php HTTP/1.1" 200 72
::1 - - [29/Nov/2021:10:51:27 +0100] "POST /phpmyadmin/tbl_create.php HTTP/1.1" 200 10228
::1 - - [29/Nov/2021:10:51:27 +0100] "GET /phpmyadmin/db_structure.php?token=9dc6a1570a58d4a99fd195b0a37f1add&server=1&db=agregat&table=articles&ajax_request=true&ajax_page_request=true&menuHashes=fe0dcc9c-d3b423e1-af5e67e7-855c3923-45812f06&_nocache=1638179487913248074 HTTP/1.1" 200 13066
::1 - - [29/Nov/2021:10:51:28 +0100] "GET /phpmyadmin/favicon.ico HTTP/1.1" 304 -
::1 - - [29/Nov/2021:10:51:27 +0100] "POST /phpmyadmin/navigation.php?ajax_request=1&token=9dc6a1570a58d4a99fd195b0a37f1add HTTP/1.1" 200 2683
::1 - - [29/Nov/2021:10:51:28 +0100] "GET /phpmyadmin/index.php?ajax_request=1&recent_table=1&token=9dc6a1570a58d4a99fd195b0a37f1add HTTP/1.1" 200 216
::1 - - [29/Nov/2021:10:51:30 +0100] "GET /phpmyadmin/tbl_structure.php?db=agregat&token=9dc6a1570a58d4a99fd195b0a37f1add&goto=db_structure.php&table=articles&ajax_request=true&ajax_page_request=true&menuHashes=fe0dcc9c-d3b423e1-af5e67e7-855c3923-45812f06-9206cd2c&_nocache=1638179490460625251 HTTP/1.1" 200 41700
::1 - - [29/Nov/2021:10:51:30 +0100] "GET /phpmyadmin/js/get_scripts.js.php?scripts[]=tbl_structure.js HTTP/1.1" 200 7496
::1 - - [29/Nov/2021:10:51:30 +0100] "GET /phpmyadmin/index.php?ajax_request=1&recent_table=1&token=9dc6a1570a58d4a99fd195b0a37f1add HTTP/1.1" 200 216
::1 - - [29/Nov/2021:10:51:36 +0100] "GET /phpmyadmin/tbl_change.php?db=agregat&table=articles&token=9dc6a1570a58d4a99fd195b0a37f1add&ajax_request=true&ajax_page_request=true&menuHashes=fe0dcc9c-d3b423e1-af5e67e7-855c3923-45812f06-9206cd2c-33086d2e&_nocache=1638179496157604803 HTTP/1.1" 200 45121
::1 - - [29/Nov/2021:10:51:36 +0100] "GET /phpmyadmin/js/get_scripts.js.php?scripts[]=gis_data_editor.js HTTP/1.1" 200 7692
::1 - - [29/Nov/2021:10:51:36 +0100] "GET /phpmyadmin/index.php?ajax_request=1&recent_table=1&token=9dc6a1570a58d4a99fd195b0a37f1add HTTP/1.1" 200 216
::1 - - [29/Nov/2021:10:52:47 +0100] "POST /phpmyadmin/tbl_replace.php HTTP/1.1" 200 15318
::1 - - [29/Nov/2021:10:52:48 +0100] "GET /phpmyadmin/favicon.ico HTTP/1.1" 304 -
::1 - - [29/Nov/2021:10:52:48 +0100] "GET /phpmyadmin/index.php?ajax_request=1&recent_table=1&token=9dc6a1570a58d4a99fd195b0a37f1add HTTP/1.1" 200 216
::1 - - [29/Nov/2021:10:52:50 +0100] "GET /phpmyadmin/sql.php?server=1&db=agregat&table=articles&pos=0&token=9dc6a1570a58d4a99fd195b0a37f1add&ajax_request=true&ajax_page_request=true&menuHashes=af5e67e7-855c3923-45812f06-9206cd2c-33086d2e-837e502d-8a6210eb&_nocache=1638179570084793807 HTTP/1.1" 200 21046
::1 - - [29/Nov/2021:10:52:50 +0100] "GET /phpmyadmin/themes/pmahomme/img/col_pointer.png HTTP/1.1" 200 113
::1 - - [29/Nov/2021:10:52:50 +0100] "GET /phpmyadmin/themes/pmahomme/img/col_drop.png HTTP/1.1" 200 132
::1 - - [29/Nov/2021:10:52:50 +0100] "GET /phpmyadmin/themes/pmahomme/img/s_fulltext.png HTTP/1.1" 200 193
::1 - - [29/Nov/2021:10:52:50 +0100] "GET /phpmyadmin/index.php?ajax_request=1&recent_table=1&token=9dc6a1570a58d4a99fd195b0a37f1add HTTP/1.1" 200 216
::1 - - [29/Nov/2021:10:53:07 +0100] "GET /phpmyadmin/tbl_structure.php?db=agregat&table=articles&token=9dc6a1570a58d4a99fd195b0a37f1add&ajax_request=true&ajax_page_request=true&menuHashes=855c3923-45812f06-9206cd2c-33086d2e-837e502d-8a6210eb-610cb93b&_nocache=1638179587138269520 HTTP/1.1" 200 38629
::1 - - [29/Nov/2021:10:53:07 +0100] "GET /phpmyadmin/index.php?ajax_request=1&recent_table=1&token=9dc6a1570a58d4a99fd195b0a37f1add HTTP/1.1" 200 216
::1 - - [29/Nov/2021:10:53:13 +0100] "GET /phpmyadmin/themes/pmahomme/jquery/images/ui-bg_flat_75_ffffff_40x100.png HTTP/1.1" 200 178
::1 - - [29/Nov/2021:10:53:13 +0100] "GET /phpmyadmin/themes/pmahomme/jquery/images/ui-bg_glass_75_e6e6e6_1x400.png HTTP/1.1" 200 110
::1 - - [29/Nov/2021:10:53:13 +0100] "GET /phpmyadmin/themes/pmahomme/jquery/images/ui-bg_highlight-soft_75_cccccc_1x100.png HTTP/1.1" 200 101
::1 - - [29/Nov/2021:10:53:13 +0100] "GET /phpmyadmin/themes/pmahomme/jquery/images/ui-icons_222222_256x240.png HTTP/1.1" 200 4369
::1 - - [29/Nov/2021:10:53:13 +0100] "GET /phpmyadmin/themes/pmahomme/jquery/images/ui-bg_flat_0_aaaaaa_40x100.png HTTP/1.1" 200 180
::1 - - [29/Nov/2021:10:53:13 +0100] "GET /phpmyadmin/themes/pmahomme/jquery/images/ui-bg_glass_75_dadada_1x400.png HTTP/1.1" 200 159
::1 - - [29/Nov/2021:10:53:16 +0100] "GET /phpmyadmin/themes/pmahomme/jquery/images/ui-icons_454545_256x240.png HTTP/1.1" 200 4369
::1 - - [29/Nov/2021:10:53:20 +0100] "GET /phpmyadmin/sql.php?db=agregat&table=articles&token=9dc6a1570a58d4a99fd195b0a37f1add&goto=tbl_structure.php&back=tbl_structure.php&sql_query=ALTER+TABLE+%60articles%60+ADD+INDEX%28%60ID_articles%60%29%3B&message_to_show=Do+ID_articles+dodany+zosta%C5%82+indeks&ajax_request=true&ajax_page_request=true&menuHashes=855c3923-45812f06-9206cd2c-33086d2e-837e502d-8a6210eb-610cb93b&_nocache=163817960092715555 HTTP/1.1" 200 46053
::1 - - [29/Nov/2021:10:53:21 +0100] "POST /phpmyadmin/navigation.php?ajax_request=1&token=9dc6a1570a58d4a99fd195b0a37f1add HTTP/1.1" 200 2683
::1 - - [29/Nov/2021:10:53:21 +0100] "GET /phpmyadmin/index.php?ajax_request=1&recent_table=1&token=9dc6a1570a58d4a99fd195b0a37f1add HTTP/1.1" 200 216
::1 - - [29/Nov/2021:10:53:32 +0100] "POST /phpmyadmin/tbl_addfield.php HTTP/1.1" 200 44507
::1 - - [29/Nov/2021:10:53:32 +0100] "GET /phpmyadmin/index.php?ajax_request=1&recent_table=1&token=9dc6a1570a58d4a99fd195b0a37f1add HTTP/1.1" 200 216
::1 - - [29/Nov/2021:10:53:34 +0100] "GET /phpmyadmin/sql.php?server=1&db=agregat&table=articles&pos=0&token=9dc6a1570a58d4a99fd195b0a37f1add&ajax_request=true&ajax_page_request=true&menuHashes=855c3923-45812f06-9206cd2c-33086d2e-837e502d-8a6210eb-610cb93b&_nocache=1638179614300768747 HTTP/1.1" 200 17975
::1 - - [29/Nov/2021:10:53:34 +0100] "GET /phpmyadmin/index.php?ajax_request=1&recent_table=1&token=9dc6a1570a58d4a99fd195b0a37f1add HTTP/1.1" 200 216
::1 - - [29/Nov/2021:10:53:35 +0100] "GET /phpmyadmin/tbl_structure.php?db=agregat&table=articles&token=9dc6a1570a58d4a99fd195b0a37f1add&ajax_request=true&ajax_page_request=true&menuHashes=855c3923-45812f06-9206cd2c-33086d2e-837e502d-8a6210eb-610cb93b&_nocache=1638179615448331742 HTTP/1.1" 200 41605
::1 - - [29/Nov/2021:10:53:35 +0100] "GET /phpmyadmin/index.php?ajax_request=1&recent_table=1&token=9dc6a1570a58d4a99fd195b0a37f1add HTTP/1.1" 200 216
::1 - - [29/Nov/2021:11:23:39 +0100] "GET /phpmyadmin/ HTTP/1.1" 200 8148
::1 - - [29/Nov/2021:11:23:39 +0100] "GET /phpmyadmin/themes/pmahomme/jquery/jquery-ui-1.9.2.custom.css HTTP/1.1" 304 -
::1 - - [29/Nov/2021:11:23:39 +0100] "GET /phpmyadmin/themes/pmahomme/img/logo_right.png HTTP/1.1" 304 -
::1 - - [29/Nov/2021:11:23:39 +0100] "GET /phpmyadmin/themes/dot.gif HTTP/1.1" 304 -
::1 - - [29/Nov/2021:11:23:39 +0100] "GET /phpmyadmin/phpmyadmin.css.php?server=1&token=9dc6a1570a58d4a99fd195b0a37f1add&nocache=4914537496ltr HTTP/1.1" 200 88608
::1 - - [29/Nov/2021:11:23:40 +0100] "GET /phpmyadmin/themes/pmahomme/img/sprites.png HTTP/1.1" 304 -
::1 - - [29/Nov/2021:11:23:40 +0100] "GET /phpmyadmin/favicon.ico HTTP/1.1" 304 -
::1 - - [29/Nov/2021:11:23:45 +0100] "POST /phpmyadmin/index.php HTTP/1.1" 302 -
::1 - - [29/Nov/2021:11:23:45 +0100] "GET /phpmyadmin/index.php?token=9dc6a1570a58d4a99fd195b0a37f1add HTTP/1.1" 200 47227
::1 - - [29/Nov/2021:11:23:45 +0100] "GET /phpmyadmin/themes/pmahomme/img/logo_left.png HTTP/1.1" 304 -
::1 - - [29/Nov/2021:11:23:45 +0100] "GET /phpmyadmin/themes/pmahomme/img/ajax_clock_small.gif HTTP/1.1" 304 -
::1 - - [29/Nov/2021:11:23:45 +0100] "GET /phpmyadmin/themes/pmahomme/img/left_nav_bg.png HTTP/1.1" 304 -
::1 - - [29/Nov/2021:11:23:45 +0100] "GET /phpmyadmin/version_check.php?&_nocache=1638181425837672470 HTTP/1.1" 200 39
::1 - - [29/Nov/2021:11:23:50 +0100] "GET /phpmyadmin/navigation.php?ajax_request=1&token=9dc6a1570a58d4a99fd195b0a37f1add&aPath=cm9vdA%3D%3D.YWdyZWdhdA%3D%3D&vPath=cm9vdA%3D%3D.YWdyZWdhdA%3D%3D&pos=0&pos2_name=&pos2_value=&searchClause=&searchClause2=&_nocache=1638181430815701582 HTTP/1.1" 200 1340
::1 - - [29/Nov/2021:11:24:24 +0100] "GET /phpmyadmin/db_structure.php?server=1&db=test&token=9dc6a1570a58d4a99fd195b0a37f1add&ajax_request=true&ajax_page_request=true&menuHashes=fe0dcc9c&_nocache=1638181464756653136 HTTP/1.1" 200 5559
::1 - - [29/Nov/2021:11:24:29 +0100] "GET /phpmyadmin/db_operations.php?db=test&token=9dc6a1570a58d4a99fd195b0a37f1add&ajax_request=true&ajax_page_request=true&menuHashes=fe0dcc9c-6b7a2beb&_nocache=1638181469627819888 HTTP/1.1" 200 40764
::1 - - [29/Nov/2021:11:24:29 +0100] "GET /phpmyadmin/js/get_scripts.js.php?scripts[]=db_operations.js HTTP/1.1" 200 1854
::1 - - [29/Nov/2021:11:24:32 +0100] "GET /phpmyadmin/themes/pmahomme/jquery/images/ui-bg_flat_75_ffffff_40x100.png HTTP/1.1" 304 -
::1 - - [29/Nov/2021:11:24:32 +0100] "GET /phpmyadmin/themes/pmahomme/jquery/images/ui-bg_highlight-soft_75_cccccc_1x100.png HTTP/1.1" 304 -
::1 - - [29/Nov/2021:11:24:32 +0100] "GET /phpmyadmin/themes/pmahomme/jquery/images/ui-icons_222222_256x240.png HTTP/1.1" 304 -
::1 - - [29/Nov/2021:11:24:32 +0100] "GET /phpmyadmin/themes/pmahomme/jquery/images/ui-bg_glass_75_e6e6e6_1x400.png HTTP/1.1" 304 -
::1 - - [29/Nov/2021:11:24:32 +0100] "GET /phpmyadmin/themes/pmahomme/jquery/images/ui-bg_flat_0_aaaaaa_40x100.png HTTP/1.1" 304 -
::1 - - [29/Nov/2021:11:24:32 +0100] "GET /phpmyadmin/themes/pmahomme/jquery/images/ui-bg_glass_75_dadada_1x400.png HTTP/1.1" 304 -
::1 - - [29/Nov/2021:11:24:33 +0100] "GET /phpmyadmin/themes/pmahomme/jquery/images/ui-bg_glass_65_ffffff_1x400.png HTTP/1.1" 200 105
::1 - - [29/Nov/2021:11:24:33 +0100] "GET /phpmyadmin/sql.php?sql_query=DROP+DATABASE+%60test%60&back=db_operations.php&goto=index.php&reload=1&purge=1&message_to_show=Baza+danych+%60test%60+zosta%C5%82a+usuni%C4%99ta.&token=9dc6a1570a58d4a99fd195b0a37f1add&is_js_confirmed=1&ajax_request=true&_nocache=163818147348612702 HTTP/1.1" 200 1670
::1 - - [29/Nov/2021:11:24:33 +0100] "POST /phpmyadmin/navigation.php?ajax_request=1&token=9dc6a1570a58d4a99fd195b0a37f1add HTTP/1.1" 200 2079
::1 - - [29/Nov/2021:11:24:33 +0100] "POST /phpmyadmin/navigation.php?ajax_request=1&token=9dc6a1570a58d4a99fd195b0a37f1add HTTP/1.1" 200 2079
::1 - - [29/Nov/2021:11:24:33 +0100] "GET /phpmyadmin/server_databases.php?token=9dc6a1570a58d4a99fd195b0a37f1add&server=1&db=&table=&ajax_request=true&ajax_page_request=true&menuHashes=fe0dcc9c-6b7a2beb-24be49eb&_nocache=1638181473639142176 HTTP/1.1" 200 39214
::1 - - [29/Nov/2021:11:24:34 +0100] "GET /phpmyadmin/themes/pmahomme/img/arrow_ltr.png HTTP/1.1" 304 -
::1 - - [29/Nov/2021:11:24:35 +0100] "GET /phpmyadmin/navigation.php?ajax_request=1&token=9dc6a1570a58d4a99fd195b0a37f1add&aPath=cm9vdA%3D%3D.YWdyZWdhdA%3D%3D.dGFibGVz.YXJ0aWNsZXM%3D&vPath=cm9vdA%3D%3D.YWdyZWdhdA%3D%3D.VGFiZWxl.YXJ0aWNsZXM%3D&pos=0&pos2_name=tables&pos2_value=0&searchClause=&searchClause2=&_nocache=1638181475495632702 HTTP/1.1" 200 3433
::1 - - [29/Nov/2021:11:24:37 +0100] "GET /phpmyadmin/navigation.php?ajax_request=1&token=9dc6a1570a58d4a99fd195b0a37f1add&aPath=cm9vdA%3D%3D.YWdyZWdhdA%3D%3D.dGFibGVz.YXJ0aWNsZXM%3D.aW5kZXhlcw%3D%3D&vPath=cm9vdA%3D%3D.YWdyZWdhdA%3D%3D.VGFiZWxl.YXJ0aWNsZXM%3D.SW5kZWtzeQ%3D%3D&pos=0&pos2_name=tables&pos2_value=0&searchClause=&searchClause2=&_nocache=1638181477065406457 HTTP/1.1" 200 2721
::1 - - [29/Nov/2021:11:24:40 +0100] "GET /phpmyadmin/navigation.php?ajax_request=1&token=9dc6a1570a58d4a99fd195b0a37f1add&aPath=cm9vdA%3D%3D.YWdyZWdhdA%3D%3D.dGFibGVz.YXJ0aWNsZXM%3D.Y29sdW1ucw%3D%3D&vPath=cm9vdA%3D%3D.YWdyZWdhdA%3D%3D.VGFiZWxl.YXJ0aWNsZXM%3D.S29sdW1ueQ%3D%3D&pos=0&pos2_name=tables&pos2_value=0&searchClause=&searchClause2=&_nocache=1638181480107301479 HTTP/1.1" 200 3971
::1 - - [29/Nov/2021:11:30:31 +0100] "GET /phpmyadmin/server_privileges.php?db=&token=9dc6a1570a58d4a99fd195b0a37f1add&ajax_request=true&ajax_page_request=true&menuHashes=fe0dcc9c-6b7a2beb-24be49eb-d3b423e1&_nocache=1638181831487232176 HTTP/1.1" 200 13377
::1 - - [29/Nov/2021:11:30:31 +0100] "GET /phpmyadmin/js/get_scripts.js.php?scripts[]=server_privileges.js HTTP/1.1" 200 9268
::1 - - [29/Nov/2021:11:30:31 +0100] "GET /phpmyadmin/favicon.ico HTTP/1.1" 304 -
::1 - - [29/Nov/2021:11:30:34 +0100] "GET /phpmyadmin/server_privileges.php?token=9dc6a1570a58d4a99fd195b0a37f1add&adduser=1&ajax_request=true&_nocache=1638181834149854677 HTTP/1.1" 200 17221
::1 - - [29/Nov/2021:11:31:05 +0100] "POST /phpmyadmin/server_privileges.php HTTP/1.1" 200 5404
::1 - - [29/Nov/2021:11:31:08 +0100] "GET /phpmyadmin/server_privileges.php?db=&token=9dc6a1570a58d4a99fd195b0a37f1add&ajax_request=true&ajax_page_request=true&menuHashes=fe0dcc9c-6b7a2beb-24be49eb-d3b423e1-211907d1&_nocache=1638181868266106327 HTTP/1.1" 200 11627
::1 - - [29/Nov/2021:11:31:26 +0100] "GET /phpmyadmin/db_structure.php?server=1&db=agregat&token=9dc6a1570a58d4a99fd195b0a37f1add&ajax_request=true&ajax_page_request=true&menuHashes=fe0dcc9c-6b7a2beb-24be49eb-d3b423e1-211907d1&_nocache=1638181886681576430 HTTP/1.1" 200 12890
::1 - - [29/Nov/2021:11:32:13 +0100] "POST /phpmyadmin/tbl_create.php HTTP/1.1" 200 160686
::1 - - [29/Nov/2021:11:32:13 +0100] "GET /phpmyadmin/index.php?ajax_request=1&recent_table=1&token=9dc6a1570a58d4a99fd195b0a37f1add HTTP/1.1" 200 334
::1 - - [29/Nov/2021:11:33:08 +0100] "POST /phpmyadmin/tbl_create.php HTTP/1.1" 200 8090
::1 - - [29/Nov/2021:11:33:08 +0100] "GET /phpmyadmin/db_structure.php?token=9dc6a1570a58d4a99fd195b0a37f1add&server=1&db=agregat&table=users&ajax_request=true&ajax_page_request=true&menuHashes=fe0dcc9c-6b7a2beb-24be49eb-d3b423e1-211907d1-af5e67e7-5dcee33a&_nocache=1638181988231718559 HTTP/1.1" 200 15868
::1 - - [29/Nov/2021:11:33:08 +0100] "POST /phpmyadmin/navigation.php?ajax_request=1&token=9dc6a1570a58d4a99fd195b0a37f1add HTTP/1.1" 200 6231
::1 - - [29/Nov/2021:11:33:08 +0100] "GET /phpmyadmin/index.php?ajax_request=1&recent_table=1&token=9dc6a1570a58d4a99fd195b0a37f1add HTTP/1.1" 200 334
::1 - - [29/Nov/2021:11:33:14 +0100] "GET /phpmyadmin/tbl_change.php?db=agregat&token=9dc6a1570a58d4a99fd195b0a37f1add&goto=db_structure.php&table=users&ajax_request=true&ajax_page_request=true&menuHashes=6b7a2beb-24be49eb-d3b423e1-211907d1-af5e67e7-5dcee33a-4feb4c46&_nocache=1638181994356482495 HTTP/1.1" 200 30638
::1 - - [29/Nov/2021:11:33:14 +0100] "GET /phpmyadmin/index.php?ajax_request=1&recent_table=1&token=9dc6a1570a58d4a99fd195b0a37f1add HTTP/1.1" 200 334
::1 - - [29/Nov/2021:11:33:24 +0100] "POST /phpmyadmin/tbl_replace.php HTTP/1.1" 200 16184
::1 - - [29/Nov/2021:11:33:24 +0100] "GET /phpmyadmin/index.php?ajax_request=1&recent_table=1&token=9dc6a1570a58d4a99fd195b0a37f1add HTTP/1.1" 200 334
::1 - - [29/Nov/2021:11:33:30 +0100] "GET /phpmyadmin/sql.php?db=agregat&token=9dc6a1570a58d4a99fd195b0a37f1add&goto=db_structure.php&table=users&pos=0&ajax_request=true&ajax_page_request=true&menuHashes=74711465-24be49eb-d3b423e1-211907d1-af5e67e7-5dcee33a-4feb4c46&_nocache=1638182010811893411 HTTP/1.1" 200 20223
::1 - - [29/Nov/2021:11:33:31 +0100] "GET /phpmyadmin/themes/pmahomme/img/s_fulltext.png HTTP/1.1" 304 -
::1 - - [29/Nov/2021:11:33:31 +0100] "GET /phpmyadmin/themes/pmahomme/img/col_pointer.png HTTP/1.1" 304 -
::1 - - [29/Nov/2021:11:33:31 +0100] "GET /phpmyadmin/themes/pmahomme/img/col_drop.png HTTP/1.1" 304 -
::1 - - [29/Nov/2021:11:33:31 +0100] "GET /phpmyadmin/index.php?ajax_request=1&recent_table=1&token=9dc6a1570a58d4a99fd195b0a37f1add HTTP/1.1" 200 334
