[Wed Mar 09 20:00:56.265185 2022] [mpm_winnt:notice] [pid 5920:tid 856] AH00455: Apache/2.4.6 (Win32) PHP/5.4.17 configured -- resuming normal operations
[Wed Mar 09 20:00:56.265185 2022] [mpm_winnt:notice] [pid 5920:tid 856] AH00456: Apache Lounge VC10 Server built: Jul 16 2013 11:15:41
[Wed Mar 09 20:00:56.265185 2022] [core:notice] [pid 5920:tid 856] AH00094: Command line: 'C:\\Users\\Top Secret\\Desktop\\USBwebserwer/apache2/bin/httpd_usbwv8.exe -d C:/Users/Top Secret/Desktop/USBwebserwer/apache2'
[Wed Mar 09 20:00:56.280810 2022] [mpm_winnt:notice] [pid 5920:tid 856] AH00418: Parent: Created child process 6408
[Wed Mar 09 20:00:56.796432 2022] [mpm_winnt:notice] [pid 6408:tid 800] AH00354: Child: Starting 64 worker threads.
[Wed Mar 09 20:02:08.710640 2022] [core:warn] [pid 10024:tid 584] AH00098: pid file C:/Users/Top Secret/Desktop/USBwebserwer/apache2/logs/httpd.pid overwritten -- Unclean shutdown of previous Apache run?
[Wed Mar 09 20:02:08.726097 2022] [mpm_winnt:notice] [pid 10024:tid 584] AH00455: Apache/2.4.6 (Win32) PHP/5.4.17 configured -- resuming normal operations
[Wed Mar 09 20:02:08.726097 2022] [mpm_winnt:notice] [pid 10024:tid 584] AH00456: Apache Lounge VC10 Server built: Jul 16 2013 11:15:41
[Wed Mar 09 20:02:08.726097 2022] [core:notice] [pid 10024:tid 584] AH00094: Command line: 'C:\\Users\\Top Secret\\Desktop\\USBwebserwer/apache2/bin/httpd_usbwv8.exe -d C:/Users/Top Secret/Desktop/USBwebserwer/apache2'
[Wed Mar 09 20:02:08.726097 2022] [mpm_winnt:notice] [pid 10024:tid 584] AH00418: Parent: Created child process 11176
[Wed Mar 09 20:02:09.382343 2022] [mpm_winnt:notice] [pid 11176:tid 804] AH00354: Child: Starting 64 worker threads.
[Wed Mar 09 20:17:45.936814 2022] [:error] [pid 11176:tid 1280] [client ::1:51934] PHP Notice:  Undefined variable: row in C:\\Users\\Top Secret\\Desktop\\USBwebserwer\\root\\rejestracja.php on line 33, referer: http://localhost/rejestracja.html
[Wed Mar 09 20:33:41.879395 2022] [:error] [pid 11176:tid 1280] [client ::1:52044] PHP Notice:  Use of undefined constant ID_article - assumed 'ID_article' in C:\\Users\\Top Secret\\Desktop\\USBwebserwer\\root\\artykul_zmien.php on line 76, referer: http://localhost/artykul.php
[Wed Mar 09 20:34:36.356256 2022] [:error] [pid 11176:tid 1280] [client ::1:52094] PHP Notice:  Use of undefined constant ID_article - assumed 'ID_article' in C:\\Users\\Top Secret\\Desktop\\USBwebserwer\\root\\artykul_zmien.php on line 76, referer: http://localhost/artykul.php
[Wed Mar 09 20:35:28.244846 2022] [:error] [pid 11176:tid 1280] [client ::1:52136] PHP Notice:  Use of undefined constant ID_article - assumed 'ID_article' in C:\\Users\\Top Secret\\Desktop\\USBwebserwer\\root\\artykul_zmien.php on line 76, referer: http://localhost/artykul.php
[Wed Mar 09 20:36:30.406017 2022] [:error] [pid 11176:tid 1280] [client ::1:52165] PHP Notice:  Use of undefined constant ID_article - assumed 'ID_article' in C:\\Users\\Top Secret\\Desktop\\USBwebserwer\\root\\artykul_zmien.php on line 76, referer: http://localhost/artykul.php
[Wed Mar 09 21:07:24.797130 2022] [core:warn] [pid 10548:tid 604] AH00098: pid file C:/Users/Top Secret/Desktop/USBwebserwer/apache2/logs/httpd.pid overwritten -- Unclean shutdown of previous Apache run?
[Wed Mar 09 21:07:24.812754 2022] [mpm_winnt:notice] [pid 10548:tid 604] AH00455: Apache/2.4.6 (Win32) PHP/5.4.17 configured -- resuming normal operations
[Wed Mar 09 21:07:24.812754 2022] [mpm_winnt:notice] [pid 10548:tid 604] AH00456: Apache Lounge VC10 Server built: Jul 16 2013 11:15:41
[Wed Mar 09 21:07:24.812754 2022] [core:notice] [pid 10548:tid 604] AH00094: Command line: 'C:\\Users\\Top Secret\\Desktop\\USBwebserwer/apache2/bin/httpd_usbwv8.exe -d C:/Users/Top Secret/Desktop/USBwebserwer/apache2'
[Wed Mar 09 21:07:24.812754 2022] [mpm_winnt:notice] [pid 10548:tid 604] AH00418: Parent: Created child process 12084
[Wed Mar 09 21:07:25.453385 2022] [mpm_winnt:notice] [pid 12084:tid 800] AH00354: Child: Starting 64 worker threads.
[Wed Mar 09 21:07:25.484624 2022] [:error] [pid 12084:tid 1312] [client 192.168.1.12:39722] PHP Notice:  Undefined index: id in C:\\Users\\Top Secret\\Desktop\\USBwebserwer\\root\\index.php on line 64
