2021-11-29 10:44:40 12208 [Note] Plugin 'FEDERATED' is disabled.
2021-11-29 10:44:40 12208 [Note] InnoDB: The InnoDB memory heap is disabled
2021-11-29 10:44:40 12208 [Note] InnoDB: Mutexes and rw_locks use Windows interlocked functions
2021-11-29 10:44:40 12208 [Note] InnoDB: Compressed tables use zlib 1.2.3
2021-11-29 10:44:40 12208 [Note] InnoDB: Not using CPU crc32 instructions
2021-11-29 10:44:40 12208 [Note] InnoDB: Initializing buffer pool, size = 128.0M
2021-11-29 10:44:40 12208 [Note] InnoDB: Completed initialization of buffer pool
2021-11-29 10:44:40 12208 [Note] InnoDB: Highest supported file format is Barracuda.
2021-11-29 10:44:40 12208 [Note] InnoDB: The log sequence numbers 1626134 and 1626134 in ibdata files do not match the log sequence number 1626646 in the ib_logfiles!
2021-11-29 10:44:40 12208 [Note] InnoDB: Database was not shutdown normally!
2021-11-29 10:44:40 12208 [Note] InnoDB: Starting crash recovery.
2021-11-29 10:44:40 12208 [Note] InnoDB: Reading tablespace information from the .ibd files...
2021-11-29 10:44:40 12208 [Note] InnoDB: Restoring possible half-written data pages 
2021-11-29 10:44:40 12208 [Note] InnoDB: from the doublewrite buffer...
2021-11-29 10:44:40 12208 [Note] InnoDB: 128 rollback segment(s) are active.
2021-11-29 10:44:40 12208 [Note] InnoDB: Waiting for purge to start
2021-11-29 10:44:40 12208 [Note] InnoDB: 5.6.13 started; log sequence number 1626646
2021-11-29 10:44:40 12208 [Note] Server hostname (bind-address): '*'; port: 3307
2021-11-29 10:44:40 12208 [Note] IPv6 is available.
2021-11-29 10:44:40 12208 [Note]   - '::' resolves to '::';
2021-11-29 10:44:40 12208 [Note] Server socket created on IP: '::'.
2021-11-29 10:45:03 2224 [Note] Plugin 'FEDERATED' is disabled.
2021-11-29 10:45:03 2224 [Note] InnoDB: The InnoDB memory heap is disabled
2021-11-29 10:45:03 2224 [Note] InnoDB: Mutexes and rw_locks use Windows interlocked functions
2021-11-29 10:45:03 2224 [Note] InnoDB: Compressed tables use zlib 1.2.3
2021-11-29 10:45:03 2224 [Note] InnoDB: Not using CPU crc32 instructions
2021-11-29 10:45:03 2224 [Note] InnoDB: Initializing buffer pool, size = 128.0M
2021-11-29 10:45:03 2224 [Note] InnoDB: Completed initialization of buffer pool
2021-11-29 10:45:03 2224 [Note] InnoDB: Highest supported file format is Barracuda.
2021-11-29 10:45:03 2224 [Note] InnoDB: The log sequence numbers 1626134 and 1626134 in ibdata files do not match the log sequence number 1626656 in the ib_logfiles!
2021-11-29 10:45:03 2224 [Note] InnoDB: Database was not shutdown normally!
2021-11-29 10:45:03 2224 [Note] InnoDB: Starting crash recovery.
2021-11-29 10:45:03 2224 [Note] InnoDB: Reading tablespace information from the .ibd files...
2021-11-29 10:45:03 2224 [Note] InnoDB: Restoring possible half-written data pages 
2021-11-29 10:45:03 2224 [Note] InnoDB: from the doublewrite buffer...
2021-11-29 10:45:03 2224 [Note] InnoDB: 128 rollback segment(s) are active.
2021-11-29 10:45:03 2224 [Note] InnoDB: Waiting for purge to start
2021-11-29 10:45:03 2224 [Note] InnoDB: 5.6.13 started; log sequence number 1626656
2021-11-29 10:45:03 2224 [Note] Server hostname (bind-address): '*'; port: 3307
2021-11-29 10:45:03 2224 [Note] IPv6 is available.
2021-11-29 10:45:03 2224 [Note]   - '::' resolves to '::';
2021-11-29 10:45:03 2224 [Note] Server socket created on IP: '::'.
2021-11-29 10:45:16 5004 [Note] Plugin 'FEDERATED' is disabled.
2021-11-29 10:45:16 5004 [Note] InnoDB: The InnoDB memory heap is disabled
2021-11-29 10:45:16 5004 [Note] InnoDB: Mutexes and rw_locks use Windows interlocked functions
2021-11-29 10:45:16 5004 [Note] InnoDB: Compressed tables use zlib 1.2.3
2021-11-29 10:45:16 5004 [Note] InnoDB: Not using CPU crc32 instructions
2021-11-29 10:45:16 5004 [Note] InnoDB: Initializing buffer pool, size = 128.0M
2021-11-29 10:45:16 5004 [Note] InnoDB: Completed initialization of buffer pool
2021-11-29 10:45:16 5004 [Note] InnoDB: Highest supported file format is Barracuda.
2021-11-29 10:45:16 5004 [Note] InnoDB: The log sequence numbers 1626134 and 1626134 in ibdata files do not match the log sequence number 1626666 in the ib_logfiles!
2021-11-29 10:45:16 5004 [Note] InnoDB: Database was not shutdown normally!
2021-11-29 10:45:16 5004 [Note] InnoDB: Starting crash recovery.
2021-11-29 10:45:16 5004 [Note] InnoDB: Reading tablespace information from the .ibd files...
2021-11-29 10:45:16 5004 [Note] InnoDB: Restoring possible half-written data pages 
2021-11-29 10:45:16 5004 [Note] InnoDB: from the doublewrite buffer...
2021-11-29 10:45:16 5004 [Note] InnoDB: 128 rollback segment(s) are active.
2021-11-29 10:45:16 5004 [Note] InnoDB: Waiting for purge to start
2021-11-29 10:45:16 5004 [Note] InnoDB: 5.6.13 started; log sequence number 1626666
2021-11-29 10:45:16 5004 [Note] Server hostname (bind-address): '*'; port: 3307
2021-11-29 10:45:16 5004 [Note] IPv6 is available.
2021-11-29 10:45:16 5004 [Note]   - '::' resolves to '::';
2021-11-29 10:45:16 5004 [Note] Server socket created on IP: '::'.
2022-01-07 11:52:21 1480 [Note] Plugin 'FEDERATED' is disabled.
2022-01-07 11:52:21 1480 [Note] InnoDB: The InnoDB memory heap is disabled
2022-01-07 11:52:21 1480 [Note] InnoDB: Mutexes and rw_locks use Windows interlocked functions
2022-01-07 11:52:21 1480 [Note] InnoDB: Compressed tables use zlib 1.2.3
2022-01-07 11:52:21 1480 [Note] InnoDB: Not using CPU crc32 instructions
2022-01-07 11:52:21 1480 [Note] InnoDB: Initializing buffer pool, size = 128.0M
2022-01-07 11:52:21 1480 [Note] InnoDB: Completed initialization of buffer pool
2022-01-07 11:52:21 1480 [Note] InnoDB: Highest supported file format is Barracuda.
2022-01-07 11:52:21 1480 [Note] InnoDB: The log sequence numbers 1626134 and 1626134 in ibdata files do not match the log sequence number 1666912 in the ib_logfiles!
2022-01-07 11:52:21 1480 [Note] InnoDB: Database was not shutdown normally!
2022-01-07 11:52:21 1480 [Note] InnoDB: Starting crash recovery.
2022-01-07 11:52:21 1480 [Note] InnoDB: Reading tablespace information from the .ibd files...
2022-01-07 11:52:22 1480 [Note] InnoDB: Restoring possible half-written data pages 
2022-01-07 11:52:22 1480 [Note] InnoDB: from the doublewrite buffer...
2022-01-07 11:52:22 1480 [Note] InnoDB: 128 rollback segment(s) are active.
2022-01-07 11:52:22 1480 [Note] InnoDB: Waiting for purge to start
2022-01-07 11:52:22 1480 [Note] InnoDB: 5.6.13 started; log sequence number 1666912
2022-01-07 11:52:22 1480 [Note] Server hostname (bind-address): '*'; port: 3307
2022-01-07 11:52:22 1480 [Note] IPv6 is available.
2022-01-07 11:52:22 1480 [Note]   - '::' resolves to '::';
2022-01-07 11:52:22 1480 [Note] Server socket created on IP: '::'.
2022-01-09 11:42:35 452 [Note] Plugin 'FEDERATED' is disabled.
2022-01-09 11:42:35 452 [Note] InnoDB: The InnoDB memory heap is disabled
2022-01-09 11:42:35 452 [Note] InnoDB: Mutexes and rw_locks use Windows interlocked functions
2022-01-09 11:42:35 452 [Note] InnoDB: Compressed tables use zlib 1.2.3
2022-01-09 11:42:35 452 [Note] InnoDB: Not using CPU crc32 instructions
2022-01-09 11:42:35 452 [Note] InnoDB: Initializing buffer pool, size = 128.0M
2022-01-09 11:42:35 452 [Note] InnoDB: Completed initialization of buffer pool
2022-01-09 11:42:35 452 [Note] InnoDB: Highest supported file format is Barracuda.
2022-01-09 11:42:35 452 [Note] InnoDB: The log sequence numbers 1626134 and 1626134 in ibdata files do not match the log sequence number 1666922 in the ib_logfiles!
2022-01-09 11:42:35 452 [Note] InnoDB: Database was not shutdown normally!
2022-01-09 11:42:35 452 [Note] InnoDB: Starting crash recovery.
2022-01-09 11:42:35 452 [Note] InnoDB: Reading tablespace information from the .ibd files...
2022-01-09 11:42:35 452 [Note] InnoDB: Restoring possible half-written data pages 
2022-01-09 11:42:35 452 [Note] InnoDB: from the doublewrite buffer...
2022-01-09 11:42:35 452 [Note] InnoDB: 128 rollback segment(s) are active.
2022-01-09 11:42:35 452 [Note] InnoDB: Waiting for purge to start
2022-01-09 11:42:35 452 [Note] InnoDB: 5.6.13 started; log sequence number 1666922
2022-01-09 11:42:35 452 [Note] Server hostname (bind-address): '*'; port: 3307
2022-01-09 11:42:35 452 [Note] IPv6 is available.
2022-01-09 11:42:35 452 [Note]   - '::' resolves to '::';
2022-01-09 11:42:35 452 [Note] Server socket created on IP: '::'.
