2017-05-22 10:54:08 3604 [Note] Plugin 'FEDERATED' is disabled.
2017-05-22 10:54:08 3604 [Note] InnoDB: The InnoDB memory heap is disabled
2017-05-22 10:54:08 3604 [Note] InnoDB: Mutexes and rw_locks use Windows interlocked functions
2017-05-22 10:54:08 3604 [Note] InnoDB: Compressed tables use zlib 1.2.3
2017-05-22 10:54:08 3604 [Note] InnoDB: Not using CPU crc32 instructions
2017-05-22 10:54:08 3604 [Note] InnoDB: Initializing buffer pool, size = 128.0M
2017-05-22 10:54:08 3604 [Note] InnoDB: Completed initialization of buffer pool
2017-05-22 10:54:08 3604 [Note] InnoDB: Setting log file C:\Users\komputer11\Desktop\Nowy folder\mysql\data\ib_logfile101 size to 5 MB
2017-05-22 10:54:09 3604 [Note] InnoDB: Setting log file C:\Users\komputer11\Desktop\Nowy folder\mysql\data\ib_logfile1 size to 5 MB
2017-05-22 10:54:10 3604 [Note] InnoDB: Renaming log file C:\Users\komputer11\Desktop\Nowy folder\mysql\data\ib_logfile101 to C:\Users\komputer11\Desktop\Nowy folder\mysql\data\ib_logfile0
2017-05-22 10:54:10 3604 [Warning] InnoDB: New log files created, LSN=1626134
2017-05-22 10:54:10 3604 [Note] InnoDB: Highest supported file format is Barracuda.
2017-05-22 10:54:10 3604 [Note] InnoDB: 128 rollback segment(s) are active.
2017-05-22 10:54:10 3604 [Note] InnoDB: Waiting for purge to start
2017-05-22 10:54:10 3604 [Note] InnoDB: 5.6.13 started; log sequence number 1626636
2017-05-22 10:54:10 3604 [Warning] No existing UUID has been found, so we assume that this is the first time that this server has been started. Generating a new UUID: 38e60beb-3ecc-11e7-b1af-0023aeaa0cee.
2017-05-22 10:54:10 3604 [Note] Server hostname (bind-address): '*'; port: 3307
2017-05-22 10:54:10 3604 [Note] IPv6 is available.
2017-05-22 10:54:10 3604 [Note]   - '::' resolves to '::';
2017-05-22 10:54:10 3604 [Note] Server socket created on IP: '::'.
2017-05-22 10:54:10 3604 [Note] Event Scheduler: Loaded 0 events
2017-05-22 10:54:10 3604 [Note] C:\Users\komputer11\Desktop\Nowy folder/mysql/bin/mysqld_usbwv8.exe: ready for connections.
Version: '5.6.13'  socket: ''  port: 3307  MySQL Community Server (GPL)
